Arguments: 
  C:\Program Files\nodejs\node.exe C:\Program Files (x86)\Yarn\bin\yarn.js link

PATH: 
  C:\Windows\system32;C:\Windows;C:\Windows\System32\Wbem;C:\Windows\System32\WindowsPowerShell\v1.0\;C:\Windows\System32\OpenSSH\;C:\Program Files (x86)\NVIDIA Corporation\PhysX\Common;C:\Program Files\NVIDIA Corporation\NVIDIA NvDLISR;F:\Git\cmd;C:\WINDOWS\system32;C:\WINDOWS;C:\WINDOWS\System32\Wbem;C:\WINDOWS\System32\WindowsPowerShell\v1.0\;C:\WINDOWS\System32\OpenSSH\;C:\Program Files\NVIDIA Corporation\NVIDIA NGX;C:\npm_repository;C:\Program Files\nodejs\;C:\Program Files (x86)\Yarn\bin\;C:\Users\fanForwardForever\AppData\Local\Microsoft\WindowsApps;C:\Users\fanForwardForever\AppData\Roaming\npm;C:\Users\fanForwardForever\AppData\Local\Yarn\bin

Yarn version: 
  1.22.4

Node version: 
  12.16.3

Platform: 
  win32 x64

Trace: 
  Error: ENOENT: no such file or directory, stat 'C:\Users\fanForwardForever\AppData\Local\Yarn\Data\link\node-scaffolding\cli.js'

npm manifest: 
  {
    "name": "node-scaffolding",
    "version": "1.0.0",
    "description": "node scaffolding ",
    "main": "index.js",
    "bin": "cli.js",
    "author": "coffee-float",
    "license": "MIT"
  }

yarn manifest: 
  No manifest

Lockfile: 
  No lockfile
